# JRE version: OpenJDK Runtime Environment (8.0_312-b07) (build 1.8.0_312-b07)
# Java VM: OpenJDK 64-Bit Server VM (25.312-b07 mixed mode windows-amd64 compressed oops)
Heap:
 PSYoungGen      total 137216K, used 38524K [0x00000000eb200000, 0x00000000f5c80000, 0x0000000100000000)
  eden space 108032K, 10% used [0x00000000eb200000,0x00000000ebd5fb60,0x00000000f1b80000)
  from space 29184K, 92% used [0x00000000f3b80000,0x00000000f55bf5e8,0x00000000f5800000)
  to   space 32768K, 0% used [0x00000000f1b80000,0x00000000f1b80000,0x00000000f3b80000)
 ParOldGen       total 64000K, used 41327K [0x00000000c1600000, 0x00000000c5480000, 0x00000000eb200000)
  object space 64000K, 64% used [0x00000000c1600000,0x00000000c3e5bec0,0x00000000c5480000)
 Metaspace       used 57259K, capacity 58304K, committed 58368K, reserved 1099776K
  class space    used 7127K, capacity 7397K, committed 7424K, reserved 1048576K
GC Heap History (10 events):
Event: 6.038 GC heap before
{Heap before GC invocations=10 (full 2):
 PSYoungGen      total 87552K, used 11166K [0x00000000eb200000, 0x00000000f3200000, 0x0000000100000000)
  eden space 72704K, 0% used [0x00000000eb200000,0x00000000eb200000,0x00000000ef900000)
  from space 14848K, 75% used [0x00000000f0800000,0x00000000f12e7a70,0x00000000f1680000)
  to   space 15360K, 0% used [0x00000000ef900000,0x00000000ef900000,0x00000000f0800000)
 ParOldGen       total 39936K, used 18482K [0x00000000c1600000, 0x00000000c3d00000, 0x00000000eb200000)
  object space 39936K, 46% used [0x00000000c1600000,0x00000000c280c910,0x00000000c3d00000)
 Metaspace       used 34831K, capacity 35286K, committed 35496K, reserved 1081344K
  class space    used 4458K, capacity 4602K, committed 4608K, reserved 1048576K
Event: 6.143 GC heap after
Heap after GC invocations=10 (full 2):
 PSYoungGen      total 87552K, used 0K [0x00000000eb200000, 0x00000000f3200000, 0x0000000100000000)
  eden space 72704K, 0% used [0x00000000eb200000,0x00000000eb200000,0x00000000ef900000)
  from space 14848K, 0% used [0x00000000f0800000,0x00000000f0800000,0x00000000f1680000)
  to   space 15360K, 0% used [0x00000000ef900000,0x00000000ef900000,0x00000000f0800000)
 ParOldGen       total 64000K, used 16809K [0x00000000c1600000, 0x00000000c5480000, 0x00000000eb200000)
  object space 64000K, 26% used [0x00000000c1600000,0x00000000c266a528,0x00000000c5480000)
 Metaspace       used 34831K, capacity 35286K, committed 35496K, reserved 1081344K
  class space    used 4458K, capacity 4602K, committed 4608K, reserved 1048576K
}
Event: 8.448 GC heap before
{Heap before GC invocations=11 (full 2):
 PSYoungGen      total 87552K, used 72704K [0x00000000eb200000, 0x00000000f3200000, 0x0000000100000000)
  eden space 72704K, 100% used [0x00000000eb200000,0x00000000ef900000,0x00000000ef900000)
  from space 14848K, 0% used [0x00000000f0800000,0x00000000f0800000,0x00000000f1680000)
  to   space 15360K, 0% used [0x00000000ef900000,0x00000000ef900000,0x00000000f0800000)
 ParOldGen       total 64000K, used 16809K [0x00000000c1600000, 0x00000000c5480000, 0x00000000eb200000)
  object space 64000K, 26% used [0x00000000c1600000,0x00000000c266a528,0x00000000c5480000)
 Metaspace       used 40674K, capacity 41254K, committed 41728K, reserved 1085440K
  class space    used 5104K, capacity 5260K, committed 5376K, reserved 1048576K
Event: 8.472 GC heap after
Heap after GC invocations=11 (full 2):
 PSYoungGen      total 88064K, used 14711K [0x00000000eb200000, 0x00000000f2d80000, 0x0000000100000000)
  eden space 72704K, 0% used [0x00000000eb200000,0x00000000eb200000,0x00000000ef900000)
  from space 15360K, 95% used [0x00000000ef900000,0x00000000f075dff8,0x00000000f0800000)
  to   space 17408K, 0% used [0x00000000f1c80000,0x00000000f1c80000,0x00000000f2d80000)
 ParOldGen       total 64000K, used 16817K [0x00000000c1600000, 0x00000000c5480000, 0x00000000eb200000)
  object space 64000K, 26% used [0x00000000c1600000,0x00000000c266c528,0x00000000c5480000)
 Metaspace       used 40674K, capacity 41254K, committed 41728K, reserved 1085440K
  class space    used 5104K, capacity 5260K, committed 5376K, reserved 1048576K
}
Event: 11.900 GC heap before
{Heap before GC invocations=12 (full 2):
 PSYoungGen      total 88064K, used 87415K [0x00000000eb200000, 0x00000000f2d80000, 0x0000000100000000)
  eden space 72704K, 100% used [0x00000000eb200000,0x00000000ef900000,0x00000000ef900000)
  from space 15360K, 95% used [0x00000000ef900000,0x00000000f075dff8,0x00000000f0800000)
  to   space 17408K, 0% used [0x00000000f1c80000,0x00000000f1c80000,0x00000000f2d80000)
 ParOldGen       total 64000K, used 16817K [0x00000000c1600000, 0x00000000c5480000, 0x00000000eb200000)
  object space 64000K, 26% used [0x00000000c1600000,0x00000000c266c528,0x00000000c5480000)
 Metaspace       used 49812K, capacity 50740K, committed 50944K, reserved 1093632K
  class space    used 6275K, capacity 6531K, committed 6656K, reserved 1048576K
Event: 11.933 GC heap after
Heap after GC invocations=12 (full 2):
 PSYoungGen      total 104448K, used 17390K [0x00000000eb200000, 0x00000000f3580000, 0x0000000100000000)
  eden space 87040K, 0% used [0x00000000eb200000,0x00000000eb200000,0x00000000f0700000)
  from space 17408K, 99% used [0x00000000f1c80000,0x00000000f2d7b998,0x00000000f2d80000)
  to   space 22016K, 0% used [0x00000000f0700000,0x00000000f0700000,0x00000000f1c80000)
 ParOldGen       total 64000K, used 23667K [0x00000000c1600000, 0x00000000c5480000, 0x00000000eb200000)
  object space 64000K, 36% used [0x00000000c1600000,0x00000000c2d1cec0,0x00000000c5480000)
 Metaspace       used 49812K, capacity 50740K, committed 50944K, reserved 1093632K
  class space    used 6275K, capacity 6531K, committed 6656K, reserved 1048576K
}
Event: 13.866 GC heap before
{Heap before GC invocations=13 (full 2):
 PSYoungGen      total 104448K, used 104430K [0x00000000eb200000, 0x00000000f3580000, 0x0000000100000000)
  eden space 87040K, 100% used [0x00000000eb200000,0x00000000f0700000,0x00000000f0700000)
  from space 17408K, 99% used [0x00000000f1c80000,0x00000000f2d7b998,0x00000000f2d80000)
  to   space 22016K, 0% used [0x00000000f0700000,0x00000000f0700000,0x00000000f1c80000)
 ParOldGen       total 64000K, used 23667K [0x00000000c1600000, 0x00000000c5480000, 0x00000000eb200000)
  object space 64000K, 36% used [0x00000000c1600000,0x00000000c2d1cec0,0x00000000c5480000)
 Metaspace       used 51194K, capacity 52174K, committed 52352K, reserved 1095680K
  class space    used 6424K, capacity 6664K, committed 6784K, reserved 1048576K
Event: 13.937 GC heap after
Heap after GC invocations=13 (full 2):
 PSYoungGen      total 109056K, used 21986K [0x00000000eb200000, 0x00000000f5800000, 0x0000000100000000)
  eden space 87040K, 0% used [0x00000000eb200000,0x00000000eb200000,0x00000000f0700000)
  from space 22016K, 99% used [0x00000000f0700000,0x00000000f1c789c8,0x00000000f1c80000)
  to   space 29184K, 0% used [0x00000000f3b80000,0x00000000f3b80000,0x00000000f5800000)
 ParOldGen       total 64000K, used 34139K [0x00000000c1600000, 0x00000000c5480000, 0x00000000eb200000)
  object space 64000K, 53% used [0x00000000c1600000,0x00000000c3756f50,0x00000000c5480000)
 Metaspace       used 51194K, capacity 52174K, committed 52352K, reserved 1095680K
  class space    used 6424K, capacity 6664K, committed 6784K, reserved 1048576K
}
Event: 23.122 GC heap before
{Heap before GC invocations=14 (full 2):
 PSYoungGen      total 109056K, used 109026K [0x00000000eb200000, 0x00000000f5800000, 0x0000000100000000)
  eden space 87040K, 100% used [0x00000000eb200000,0x00000000f0700000,0x00000000f0700000)
  from space 22016K, 99% used [0x00000000f0700000,0x00000000f1c789c8,0x00000000f1c80000)
  to   space 29184K, 0% used [0x00000000f3b80000,0x00000000f3b80000,0x00000000f5800000)
 ParOldGen       total 64000K, used 34139K [0x00000000c1600000, 0x00000000c5480000, 0x00000000eb200000)
  object space 64000K, 53% used [0x00000000c1600000,0x00000000c3756f50,0x00000000c5480000)
 Metaspace       used 56185K, capacity 57216K, committed 57472K, reserved 1099776K
  class space    used 7033K, capacity 7279K, committed 7296K, reserved 1048576K
Event: 23.174 GC heap after
Heap after GC invocations=14 (full 2):
 PSYoungGen      total 137216K, used 26877K [0x00000000eb200000, 0x00000000f5c80000, 0x0000000100000000)
  eden space 108032K, 0% used [0x00000000eb200000,0x00000000eb200000,0x00000000f1b80000)
  from space 29184K, 92% used [0x00000000f3b80000,0x00000000f55bf5e8,0x00000000f5800000)
  to   space 32768K, 0% used [0x00000000f1b80000,0x00000000f1b80000,0x00000000f3b80000)
 ParOldGen       total 64000K, used 41327K [0x00000000c1600000, 0x00000000c5480000, 0x00000000eb200000)
  object space 64000K, 64% used [0x00000000c1600000,0x00000000c3e5bec0,0x00000000c5480000)
 Metaspace       used 56185K, capacity 57216K, committed 57472K, reserved 1099776K
  class space    used 7033K, capacity 7279K, committed 7296K, reserved 1048576K
}

