# JRE version: OpenJDK Runtime Environment (11.0.10) (build 11.0.10+0-b96-7249189)
# Java VM: OpenJDK 64-Bit Server VM (11.0.10+0-b96-7249189, mixed mode, tiered, compressed oops, g1 gc, windows-amd64)
Heap:
 garbage-first heap   total 314368K, used 310593K [0x00000000e0000000, 0x0000000100000000)
  region size 1024K, 14 young (14336K), 1 survivors (1024K)
 Metaspace       used 145110K, capacity 149914K, committed 150272K, reserved 385024K
  class space    used 18153K, capacity 19908K, committed 20044K, reserved 253952K
GC Heap History (20 events):
Event: 845.216 GC heap before
{Heap before GC invocations=98 (full 0):
 garbage-first heap   total 264192K, used 253607K [0x00000000e0000000, 0x0000000100000000)
  region size 1024K, 12 young (12288K), 2 survivors (2048K)
 Metaspace       used 141581K, capacity 146168K, committed 146688K, reserved 382976K
  class space    used 17513K, capacity 19127K, committed 19276K, reserved 253952K
}
Event: 845.293 GC heap after
{Heap after GC invocations=99 (full 0):
 garbage-first heap   total 264192K, used 249139K [0x00000000e0000000, 0x0000000100000000)
  region size 1024K, 2 young (2048K), 2 survivors (2048K)
 Metaspace       used 141581K, capacity 146168K, committed 146688K, reserved 382976K
  class space    used 17513K, capacity 19127K, committed 19276K, reserved 253952K
}
Event: 845.507 GC heap before
{Heap before GC invocations=99 (full 0):
 garbage-first heap   total 264192K, used 258355K [0x00000000e0000000, 0x0000000100000000)
  region size 1024K, 12 young (12288K), 2 survivors (2048K)
 Metaspace       used 141682K, capacity 146320K, committed 146944K, reserved 382976K
  class space    used 17529K, capacity 19137K, committed 19276K, reserved 253952K
}
Event: 845.534 GC heap after
{Heap after GC invocations=100 (full 0):
 garbage-first heap   total 266240K, used 253312K [0x00000000e0000000, 0x0000000100000000)
  region size 1024K, 2 young (2048K), 2 survivors (2048K)
 Metaspace       used 141682K, capacity 146320K, committed 146944K, reserved 382976K
  class space    used 17529K, capacity 19137K, committed 19276K, reserved 253952K
}
Event: 846.159 GC heap before
{Heap before GC invocations=100 (full 0):
 garbage-first heap   total 266240K, used 264576K [0x00000000e0000000, 0x0000000100000000)
  region size 1024K, 13 young (13312K), 2 survivors (2048K)
 Metaspace       used 141948K, capacity 146660K, committed 146944K, reserved 382976K
  class space    used 17584K, capacity 19259K, committed 19276K, reserved 253952K
}
Event: 847.148 GC heap after
{Heap after GC invocations=101 (full 0):
 garbage-first heap   total 271360K, used 257589K [0x00000000e0000000, 0x0000000100000000)
  region size 1024K, 2 young (2048K), 2 survivors (2048K)
 Metaspace       used 141948K, capacity 146660K, committed 146944K, reserved 382976K
  class space    used 17584K, capacity 19259K, committed 19276K, reserved 253952K
}
Event: 850.184 GC heap before
{Heap before GC invocations=101 (full 0):
 garbage-first heap   total 271360K, used 270901K [0x00000000e0000000, 0x0000000100000000)
  region size 1024K, 13 young (13312K), 2 survivors (2048K)
 Metaspace       used 142023K, capacity 146725K, committed 147072K, reserved 382976K
  class space    used 17602K, capacity 19290K, committed 19404K, reserved 253952K
}
Event: 850.213 GC heap after
{Heap after GC invocations=102 (full 0):
 garbage-first heap   total 277504K, used 264016K [0x00000000e0000000, 0x0000000100000000)
  region size 1024K, 2 young (2048K), 2 survivors (2048K)
 Metaspace       used 142023K, capacity 146725K, committed 147072K, reserved 382976K
  class space    used 17602K, capacity 19290K, committed 19404K, reserved 253952K
}
Event: 850.287 GC heap before
{Heap before GC invocations=102 (full 0):
 garbage-first heap   total 277504K, used 277328K [0x00000000e0000000, 0x0000000100000000)
  region size 1024K, 13 young (13312K), 2 survivors (2048K)
 Metaspace       used 142036K, capacity 146725K, committed 147072K, reserved 382976K
  class space    used 17603K, capacity 19290K, committed 19404K, reserved 253952K
}
Event: 850.318 GC heap after
{Heap after GC invocations=103 (full 0):
 garbage-first heap   total 284672K, used 271113K [0x00000000e0000000, 0x0000000100000000)
  region size 1024K, 2 young (2048K), 2 survivors (2048K)
 Metaspace       used 142036K, capacity 146725K, committed 147072K, reserved 382976K
  class space    used 17603K, capacity 19290K, committed 19404K, reserved 253952K
}
Event: 875.724 GC heap before
{Heap before GC invocations=103 (full 0):
 garbage-first heap   total 284672K, used 280329K [0x00000000e0000000, 0x0000000100000000)
  region size 1024K, 13 young (13312K), 2 survivors (2048K)
 Metaspace       used 142992K, capacity 147745K, committed 148096K, reserved 382976K
  class space    used 17816K, capacity 19528K, committed 19660K, reserved 253952K
}
Event: 875.945 GC heap after
{Heap after GC invocations=104 (full 0):
 garbage-first heap   total 286720K, used 272610K [0x00000000e0000000, 0x0000000100000000)
  region size 1024K, 2 young (2048K), 2 survivors (2048K)
 Metaspace       used 142992K, capacity 147745K, committed 148096K, reserved 382976K
  class space    used 17816K, capacity 19528K, committed 19660K, reserved 253952K
}
Event: 883.941 GC heap before
{Heap before GC invocations=104 (full 0):
 garbage-first heap   total 286720K, used 284898K [0x00000000e0000000, 0x0000000100000000)
  region size 1024K, 14 young (14336K), 2 survivors (2048K)
 Metaspace       used 144777K, capacity 149598K, committed 149888K, reserved 385024K
  class space    used 18127K, capacity 19867K, committed 19916K, reserved 253952K
}
Event: 884.017 GC heap after
{Heap after GC invocations=105 (full 0):
 garbage-first heap   total 291840K, used 276636K [0x00000000e0000000, 0x0000000100000000)
  region size 1024K, 2 young (2048K), 2 survivors (2048K)
 Metaspace       used 144777K, capacity 149598K, committed 149888K, reserved 385024K
  class space    used 18127K, capacity 19867K, committed 19916K, reserved 253952K
}
Event: 887.175 GC heap before
{Heap before GC invocations=105 (full 0):
 garbage-first heap   total 291840K, used 288924K [0x00000000e0000000, 0x0000000100000000)
  region size 1024K, 14 young (14336K), 2 survivors (2048K)
 Metaspace       used 144966K, capacity 149781K, committed 150016K, reserved 385024K
  class space    used 18144K, capacity 19907K, committed 20044K, reserved 253952K
}
Event: 887.205 GC heap after
{Heap after GC invocations=106 (full 0):
 garbage-first heap   total 297984K, used 283163K [0x00000000e0000000, 0x0000000100000000)
  region size 1024K, 2 young (2048K), 2 survivors (2048K)
 Metaspace       used 144966K, capacity 149781K, committed 150016K, reserved 385024K
  class space    used 18144K, capacity 19907K, committed 20044K, reserved 253952K
}
Event: 887.905 GC heap before
{Heap before GC invocations=106 (full 0):
 garbage-first heap   total 297984K, used 295451K [0x00000000e0000000, 0x0000000100000000)
  region size 1024K, 14 young (14336K), 2 survivors (2048K)
 Metaspace       used 145016K, capacity 149847K, committed 150016K, reserved 385024K
  class space    used 18148K, capacity 19907K, committed 20044K, reserved 253952K
}
Event: 888.345 GC heap after
{Heap after GC invocations=107 (full 0):
 garbage-first heap   total 305152K, used 290623K [0x00000000e0000000, 0x0000000100000000)
  region size 1024K, 2 young (2048K), 2 survivors (2048K)
 Metaspace       used 145016K, capacity 149847K, committed 150016K, reserved 385024K
  class space    used 18148K, capacity 19907K, committed 20044K, reserved 253952K
}
Event: 894.712 GC heap before
{Heap before GC invocations=107 (full 0):
 garbage-first heap   total 305152K, used 302911K [0x00000000e0000000, 0x0000000100000000)
  region size 1024K, 14 young (14336K), 2 survivors (2048K)
 Metaspace       used 145059K, capacity 149850K, committed 150016K, reserved 385024K
  class space    used 18149K, capacity 19908K, committed 20044K, reserved 253952K
}
Event: 895.118 GC heap after
{Heap after GC invocations=108 (full 0):
 garbage-first heap   total 312320K, used 297281K [0x00000000e0000000, 0x0000000100000000)
  region size 1024K, 2 young (2048K), 2 survivors (2048K)
 Metaspace       used 145059K, capacity 149850K, committed 150016K, reserved 385024K
  class space    used 18149K, capacity 19908K, committed 20044K, reserved 253952K
}

